mode: set
github.com/neocortical/log5go/fileappender.go:28.84,34.26 4 1
github.com/neocortical/log5go/fileappender.go:39.2,39.16 1 1
github.com/neocortical/log5go/fileappender.go:42.2,43.12 2 1
github.com/neocortical/log5go/fileappender.go:34.26,36.3 1 0
github.com/neocortical/log5go/fileappender.go:39.16,41.3 1 0
github.com/neocortical/log5go/fileappender.go:47.58,48.33 1 1
github.com/neocortical/log5go/fileappender.go:48.33,50.3 1 1
github.com/neocortical/log5go/fileappender.go:50.3,52.3 1 1
github.com/neocortical/log5go/fileappender.go:56.33,70.22 10 0
github.com/neocortical/log5go/fileappender.go:70.22,71.36 1 0
github.com/neocortical/log5go/fileappender.go:74.3,75.28 2 0
github.com/neocortical/log5go/fileappender.go:71.36,73.4 1 0
github.com/neocortical/log5go/fileappender.go:79.91,81.48 2 1
github.com/neocortical/log5go/fileappender.go:87.2,87.65 1 1
github.com/neocortical/log5go/fileappender.go:81.48,83.3 1 1
github.com/neocortical/log5go/fileappender.go:83.3,85.3 1 0
github.com/neocortical/log5go/fileappender.go:91.41,94.2 2 1
github.com/neocortical/log5go/fileappender.go:98.55,100.2 1 1
github.com/neocortical/log5go/fileappender.go:102.37,105.16 3 1
github.com/neocortical/log5go/fileappender.go:105.16,107.3 1 1
github.com/neocortical/log5go/fileappender.go:107.3,109.3 1 0
github.com/neocortical/log5go/fileappender.go:113.28,115.6 2 1
github.com/neocortical/log5go/fileappender.go:115.6,119.3 2 1
github.com/neocortical/log5go/fileappender.go:122.33,124.36 2 1
github.com/neocortical/log5go/fileappender.go:138.2,138.30 1 1
github.com/neocortical/log5go/fileappender.go:124.36,126.21 2 1
github.com/neocortical/log5go/fileappender.go:133.3,133.25 1 1
github.com/neocortical/log5go/fileappender.go:136.3,136.18 1 1
github.com/neocortical/log5go/fileappender.go:126.21,127.35 1 1
github.com/neocortical/log5go/fileappender.go:127.35,129.5 1 1
github.com/neocortical/log5go/fileappender.go:129.5,131.5 1 1
github.com/neocortical/log5go/fileappender.go:133.25,135.4 1 0
github.com/neocortical/log5go/jsonformatter.go:21.127,32.16 3 1
github.com/neocortical/log5go/jsonformatter.go:32.16,34.3 1 1
github.com/neocortical/log5go/jsonformatter.go:37.50,38.18 1 1
github.com/neocortical/log5go/jsonformatter.go:41.2,41.43 1 1
github.com/neocortical/log5go/jsonformatter.go:38.18,40.3 1 0
github.com/neocortical/log5go/logger.go:34.28,38.2 3 1
github.com/neocortical/log5go/logger.go:43.71,45.2 1 1
github.com/neocortical/log5go/logger.go:47.57,49.2 1 1
github.com/neocortical/log5go/logger.go:51.57,53.2 1 1
github.com/neocortical/log5go/logger.go:55.56,57.2 1 1
github.com/neocortical/log5go/logger.go:59.56,61.2 1 1
github.com/neocortical/log5go/logger.go:63.57,65.2 1 1
github.com/neocortical/log5go/logger.go:67.57,69.2 1 1
github.com/neocortical/log5go/logger.go:71.38,73.2 1 1
github.com/neocortical/log5go/logger.go:75.46,77.2 1 1
github.com/neocortical/log5go/logger.go:79.42,83.2 3 1
github.com/neocortical/log5go/logger.go:85.32,90.2 4 0
github.com/neocortical/log5go/logger.go:95.95,103.21 6 1
github.com/neocortical/log5go/logger.go:107.2,107.29 1 1
github.com/neocortical/log5go/logger.go:131.2,132.24 2 1
github.com/neocortical/log5go/logger.go:135.2,140.24 4 1
github.com/neocortical/log5go/logger.go:146.2,146.46 1 1
github.com/neocortical/log5go/logger.go:103.21,105.3 1 1
github.com/neocortical/log5go/logger.go:107.29,112.10 4 1
github.com/neocortical/log5go/logger.go:116.3,118.31 2 1
github.com/neocortical/log5go/logger.go:112.10,115.4 2 0
github.com/neocortical/log5go/logger.go:118.31,120.39 2 1
github.com/neocortical/log5go/logger.go:126.4,126.16 1 1
github.com/neocortical/log5go/logger.go:120.39,121.23 1 1
github.com/neocortical/log5go/logger.go:121.23,123.11 2 1
github.com/neocortical/log5go/logger.go:132.24,134.3 1 1
github.com/neocortical/log5go/logger.go:140.24,142.3 1 1
github.com/neocortical/log5go/logger.go:142.3,144.3 1 1
github.com/neocortical/log5go/logger.go:152.47,153.24 1 1
github.com/neocortical/log5go/logger.go:153.24,154.19 1 0
github.com/neocortical/log5go/logger.go:154.19,155.22 1 0
github.com/neocortical/log5go/logger.go:155.22,157.5 1 0
github.com/neocortical/log5go/logger.go:157.5,159.5 1 0
github.com/neocortical/log5go/logger.go:160.4,160.28 1 0
github.com/neocortical/log5go/logger.go:160.28,162.4 1 0
github.com/neocortical/log5go/logger.go:162.4,164.4 1 0
github.com/neocortical/log5go/logger.go:165.3,166.19 1 1
github.com/neocortical/log5go/logger.go:166.19,167.22 1 1
github.com/neocortical/log5go/logger.go:167.22,169.5 1 1
github.com/neocortical/log5go/logger.go:169.5,171.5 1 1
github.com/neocortical/log5go/logger.go:172.4,172.28 1 1
github.com/neocortical/log5go/logger.go:172.28,174.4 1 1
github.com/neocortical/log5go/logger.go:174.4,176.4 1 1
github.com/neocortical/log5go/logger.go:181.68,182.31 1 1
github.com/neocortical/log5go/logger.go:193.2,193.13 1 1
github.com/neocortical/log5go/logger.go:182.31,183.19 1 1
github.com/neocortical/log5go/logger.go:186.3,186.39 1 1
github.com/neocortical/log5go/logger.go:183.19,184.12 1 0
github.com/neocortical/log5go/logger.go:187.3,187.237 0 1
github.com/neocortical/log5go/logger.go:189.3,190.21 1 1
github.com/neocortical/log5go/boundlogger.go:30.47,33.28 3 1
github.com/neocortical/log5go/boundlogger.go:36.2,36.10 1 1
github.com/neocortical/log5go/boundlogger.go:33.28,35.3 1 1
github.com/neocortical/log5go/boundlogger.go:41.76,45.2 3 1
github.com/neocortical/log5go/boundlogger.go:47.62,51.2 3 1
github.com/neocortical/log5go/boundlogger.go:53.62,57.2 3 1
github.com/neocortical/log5go/boundlogger.go:59.61,63.2 3 1
github.com/neocortical/log5go/boundlogger.go:65.61,69.2 3 1
github.com/neocortical/log5go/boundlogger.go:71.62,75.2 3 1
github.com/neocortical/log5go/boundlogger.go:77.62,81.2 3 1
github.com/neocortical/log5go/boundlogger.go:83.43,85.2 1 0
github.com/neocortical/log5go/boundlogger.go:87.51,89.2 0 1
github.com/neocortical/log5go/boundlogger.go:93.38,96.2 1 0
github.com/neocortical/log5go/boundlogger.go:98.57,101.2 1 1
github.com/neocortical/log5go/boundlogger.go:103.41,106.2 1 1
github.com/neocortical/log5go/boundlogger.go:108.41,111.2 1 1
github.com/neocortical/log5go/boundlogger.go:113.54,116.2 1 1
github.com/neocortical/log5go/boundlogger.go:118.56,121.2 1 1
github.com/neocortical/log5go/boundlogger.go:123.46,126.2 1 1
github.com/neocortical/log5go/boundlogger.go:128.47,131.2 1 1
github.com/neocortical/log5go/boundlogger.go:133.72,136.2 1 1
github.com/neocortical/log5go/boundlogger.go:138.60,141.2 1 1
github.com/neocortical/log5go/boundlogger.go:143.83,146.2 1 1
github.com/neocortical/log5go/boundlogger.go:148.43,151.2 1 1
github.com/neocortical/log5go/boundlogger.go:153.53,156.2 1 1
github.com/neocortical/log5go/boundlogger.go:158.37,161.2 1 1
github.com/neocortical/log5go/boundlogger.go:163.51,166.2 1 0
github.com/neocortical/log5go/builder.go:11.36,21.2 2 1
github.com/neocortical/log5go/builder.go:23.33,35.2 3 0
github.com/neocortical/log5go/builder.go:38.52,43.2 4 1
github.com/neocortical/log5go/builder.go:47.36,52.2 4 1
github.com/neocortical/log5go/builder.go:56.36,61.2 4 1
github.com/neocortical/log5go/builder.go:66.49,71.2 4 1
github.com/neocortical/log5go/builder.go:73.51,78.2 4 1
github.com/neocortical/log5go/builder.go:80.41,85.2 4 1
github.com/neocortical/log5go/builder.go:87.42,92.2 4 1
github.com/neocortical/log5go/builder.go:96.67,100.16 4 1
github.com/neocortical/log5go/builder.go:105.2,109.21 4 1
github.com/neocortical/log5go/builder.go:126.2,126.24 1 1
github.com/neocortical/log5go/builder.go:130.2,133.10 3 1
github.com/neocortical/log5go/builder.go:100.16,103.3 1 0
github.com/neocortical/log5go/builder.go:109.21,111.17 2 1
github.com/neocortical/log5go/builder.go:115.3,123.43 2 1
github.com/neocortical/log5go/builder.go:111.17,114.4 2 0
github.com/neocortical/log5go/builder.go:126.24,129.3 2 1
github.com/neocortical/log5go/builder.go:138.55,143.2 4 1
github.com/neocortical/log5go/builder.go:147.78,152.21 4 1
github.com/neocortical/log5go/builder.go:156.2,160.10 4 1
github.com/neocortical/log5go/builder.go:152.21,154.3 1 1
github.com/neocortical/log5go/builder.go:165.38,170.23 4 1
github.com/neocortical/log5go/builder.go:174.2,175.10 2 1
github.com/neocortical/log5go/builder.go:170.23,172.3 1 0
github.com/neocortical/log5go/builder.go:178.48,183.2 4 1
github.com/neocortical/log5go/builder.go:187.46,190.2 2 1
github.com/neocortical/log5go/log5.go:120.47,122.2 1 1
github.com/neocortical/log5go/log5.go:125.63,127.16 2 0
github.com/neocortical/log5go/log5.go:130.2,130.10 1 0
github.com/neocortical/log5go/log5.go:127.16,129.3 1 0
github.com/neocortical/log5go/stringformatter.go:27.63,31.23 4 1
github.com/neocortical/log5go/stringformatter.go:61.2,61.18 1 1
github.com/neocortical/log5go/stringformatter.go:65.2,65.11 1 1
github.com/neocortical/log5go/stringformatter.go:31.23,34.34 3 1
github.com/neocortical/log5go/stringformatter.go:39.3,39.23 1 1
github.com/neocortical/log5go/stringformatter.go:34.34,35.12 1 0
github.com/neocortical/log5go/stringformatter.go:39.23,43.16 2 1
github.com/neocortical/log5go/stringformatter.go:44.4,47.21 1 1
github.com/neocortical/log5go/stringformatter.go:52.5,53.30 2 1
github.com/neocortical/log5go/stringformatter.go:47.21,50.6 2 1
github.com/neocortical/log5go/stringformatter.go:55.4,58.4 2 1
github.com/neocortical/log5go/stringformatter.go:61.18,63.3 1 1
github.com/neocortical/log5go/stringformatter.go:68.129,69.31 1 1
github.com/neocortical/log5go/stringformatter.go:69.31,70.15 1 1
github.com/neocortical/log5go/stringformatter.go:71.3,72.38 1 1
github.com/neocortical/log5go/stringformatter.go:73.3,74.39 1 1
github.com/neocortical/log5go/stringformatter.go:75.3,76.34 1 1
github.com/neocortical/log5go/stringformatter.go:77.3,78.34 1 1
github.com/neocortical/log5go/stringformatter.go:79.3,80.64 1 1
github.com/neocortical/log5go/stringformatter.go:81.3,82.19 1 1
github.com/neocortical/log5go/stringformatter.go:85.4,85.31 1 1
github.com/neocortical/log5go/stringformatter.go:86.3,87.28 1 1
github.com/neocortical/log5go/stringformatter.go:88.3,89.32 1 1
github.com/neocortical/log5go/stringformatter.go:82.19,84.5 1 1
github.com/neocortical/log5go/stringformatter.go:94.47,97.31 3 1
github.com/neocortical/log5go/stringformatter.go:111.2,111.21 1 1
github.com/neocortical/log5go/stringformatter.go:97.31,102.15 5 1
github.com/neocortical/log5go/stringformatter.go:102.15,106.4 3 1
github.com/neocortical/log5go/stringformatter.go:106.4,109.4 1 1
github.com/neocortical/log5go/appender.go:18.47,19.51 1 1
github.com/neocortical/log5go/appender.go:19.51,21.3 1 1
github.com/neocortical/log5go/registry.go:18.51,23.2 3 1
github.com/neocortical/log5go/registry.go:25.56,30.9 4 1
github.com/neocortical/log5go/registry.go:30.9,32.3 1 0
github.com/neocortical/log5go/registry.go:32.3,34.3 1 1
github.com/neocortical/log5go/writerappender.go:15.92,21.42 4 1
github.com/neocortical/log5go/writerappender.go:27.2,27.12 1 1
github.com/neocortical/log5go/writerappender.go:21.42,23.3 1 0
github.com/neocortical/log5go/writerappender.go:23.3,25.3 1 1
github.com/neocortical/log5go/level.go:40.54,44.2 3 1
github.com/neocortical/log5go/level.go:47.41,51.2 3 1
github.com/neocortical/log5go/level.go:54.47,58.2 3 1
github.com/neocortical/log5go/level.go:62.45,65.29 3 0
github.com/neocortical/log5go/level.go:70.2,70.15 1 0
github.com/neocortical/log5go/level.go:65.29,66.15 1 0
github.com/neocortical/log5go/level.go:66.15,68.4 1 0
github.com/neocortical/log5go/timeutils.go:8.71,9.26 1 1
github.com/neocortical/log5go/timeutils.go:34.2,34.10 1 1
github.com/neocortical/log5go/timeutils.go:9.26,12.3 2 1
github.com/neocortical/log5go/timeutils.go:12.3,12.31 1 1
github.com/neocortical/log5go/timeutils.go:12.31,15.3 2 1
github.com/neocortical/log5go/timeutils.go:15.3,18.20 2 1
github.com/neocortical/log5go/timeutils.go:21.3,21.24 1 1
github.com/neocortical/log5go/timeutils.go:18.20,20.4 1 1
github.com/neocortical/log5go/timeutils.go:21.24,23.4 1 1
github.com/neocortical/log5go/timeutils.go:23.4,24.34 1 1
github.com/neocortical/log5go/timeutils.go:24.34,26.5 1 1
github.com/neocortical/log5go/timeutils.go:26.5,27.36 1 1
github.com/neocortical/log5go/timeutils.go:27.36,29.6 1 1
github.com/neocortical/log5go/timeutils.go:39.75,40.14 1 1
github.com/neocortical/log5go/timeutils.go:41.2,42.29 1 1
github.com/neocortical/log5go/timeutils.go:43.2,44.27 1 1
github.com/neocortical/log5go/timeutils.go:45.2,46.29 1 1
github.com/neocortical/log5go/timeutils.go:47.2,48.29 1 1
github.com/neocortical/log5go/timeutils.go:49.2,50.29 1 0
