mode: set
github.com/neocortical/log5go/registry.go:18.51,23.2 3 1
github.com/neocortical/log5go/registry.go:25.56,30.9 4 1
github.com/neocortical/log5go/registry.go:30.9,32.3 1 0
github.com/neocortical/log5go/registry.go:32.3,34.3 1 1
github.com/neocortical/log5go/timeutils.go:8.71,9.26 1 1
github.com/neocortical/log5go/timeutils.go:34.2,34.10 1 1
github.com/neocortical/log5go/timeutils.go:9.26,12.3 2 1
github.com/neocortical/log5go/timeutils.go:12.3,12.31 1 1
github.com/neocortical/log5go/timeutils.go:12.31,15.3 2 1
github.com/neocortical/log5go/timeutils.go:15.3,18.20 2 1
github.com/neocortical/log5go/timeutils.go:21.3,21.24 1 1
github.com/neocortical/log5go/timeutils.go:18.20,20.4 1 1
github.com/neocortical/log5go/timeutils.go:21.24,23.4 1 1
github.com/neocortical/log5go/timeutils.go:23.4,24.34 1 1
github.com/neocortical/log5go/timeutils.go:24.34,26.5 1 1
github.com/neocortical/log5go/timeutils.go:26.5,27.36 1 1
github.com/neocortical/log5go/timeutils.go:27.36,29.6 1 1
github.com/neocortical/log5go/timeutils.go:39.75,40.14 1 1
github.com/neocortical/log5go/timeutils.go:41.2,42.29 1 1
github.com/neocortical/log5go/timeutils.go:43.2,44.27 1 1
github.com/neocortical/log5go/timeutils.go:45.2,46.29 1 1
github.com/neocortical/log5go/timeutils.go:47.2,48.29 1 1
github.com/neocortical/log5go/timeutils.go:49.2,50.29 1 0
github.com/neocortical/log5go/jsonformatter.go:23.136,34.16 3 1
github.com/neocortical/log5go/jsonformatter.go:34.16,36.3 1 1
github.com/neocortical/log5go/jsonformatter.go:39.58,41.2 1 0
github.com/neocortical/log5go/jsonformatter.go:43.46,45.2 1 0
github.com/neocortical/log5go/jsonformatter.go:47.69,48.30 1 1
github.com/neocortical/log5go/jsonformatter.go:51.2,51.43 1 1
github.com/neocortical/log5go/jsonformatter.go:48.30,50.3 1 0
github.com/neocortical/log5go/writerappender.go:15.92,21.42 4 1
github.com/neocortical/log5go/writerappender.go:27.2,27.12 1 1
github.com/neocortical/log5go/writerappender.go:21.42,23.3 1 0
github.com/neocortical/log5go/writerappender.go:23.3,25.3 1 1
github.com/neocortical/log5go/appender.go:18.47,19.51 1 1
github.com/neocortical/log5go/appender.go:19.51,21.3 1 1
github.com/neocortical/log5go/fileappender.go:28.84,34.26 4 1
github.com/neocortical/log5go/fileappender.go:39.2,39.16 1 1
github.com/neocortical/log5go/fileappender.go:42.2,43.12 2 1
github.com/neocortical/log5go/fileappender.go:34.26,36.3 1 0
github.com/neocortical/log5go/fileappender.go:39.16,41.3 1 0
github.com/neocortical/log5go/fileappender.go:47.58,48.33 1 1
github.com/neocortical/log5go/fileappender.go:48.33,50.3 1 1
github.com/neocortical/log5go/fileappender.go:50.3,52.3 1 1
github.com/neocortical/log5go/fileappender.go:56.33,70.22 10 0
github.com/neocortical/log5go/fileappender.go:70.22,71.36 1 0
github.com/neocortical/log5go/fileappender.go:74.3,75.28 2 0
github.com/neocortical/log5go/fileappender.go:71.36,73.4 1 0
github.com/neocortical/log5go/fileappender.go:79.91,81.48 2 1
github.com/neocortical/log5go/fileappender.go:87.2,87.65 1 1
github.com/neocortical/log5go/fileappender.go:81.48,83.3 1 1
github.com/neocortical/log5go/fileappender.go:83.3,85.3 1 0
github.com/neocortical/log5go/fileappender.go:91.41,94.2 2 1
github.com/neocortical/log5go/fileappender.go:98.55,100.2 1 1
github.com/neocortical/log5go/fileappender.go:102.37,105.16 3 1
github.com/neocortical/log5go/fileappender.go:105.16,107.3 1 1
github.com/neocortical/log5go/fileappender.go:107.3,109.3 1 0
github.com/neocortical/log5go/fileappender.go:113.28,115.6 2 1
github.com/neocortical/log5go/fileappender.go:115.6,119.3 2 1
github.com/neocortical/log5go/fileappender.go:122.33,124.36 2 1
github.com/neocortical/log5go/fileappender.go:138.2,138.30 1 1
github.com/neocortical/log5go/fileappender.go:124.36,126.21 2 1
github.com/neocortical/log5go/fileappender.go:133.3,133.25 1 1
github.com/neocortical/log5go/fileappender.go:136.3,136.18 1 1
github.com/neocortical/log5go/fileappender.go:126.21,127.35 1 1
github.com/neocortical/log5go/fileappender.go:127.35,129.5 1 1
github.com/neocortical/log5go/fileappender.go:129.5,131.5 1 1
github.com/neocortical/log5go/fileappender.go:133.25,135.4 1 0
github.com/neocortical/log5go/level.go:40.54,44.2 3 1
github.com/neocortical/log5go/level.go:47.41,51.2 3 1
github.com/neocortical/log5go/level.go:54.47,58.2 3 1
github.com/neocortical/log5go/level.go:62.45,65.29 3 0
github.com/neocortical/log5go/level.go:70.2,70.15 1 0
github.com/neocortical/log5go/level.go:65.29,66.15 1 0
github.com/neocortical/log5go/level.go:66.15,68.4 1 0
github.com/neocortical/log5go/log5.go:141.47,143.2 1 1
github.com/neocortical/log5go/log5.go:146.63,148.16 2 0
github.com/neocortical/log5go/log5.go:151.2,151.10 1 0
github.com/neocortical/log5go/log5.go:148.16,150.3 1 0
github.com/neocortical/log5go/builder.go:13.36,23.2 2 1
github.com/neocortical/log5go/builder.go:25.33,34.2 1 0
github.com/neocortical/log5go/builder.go:37.52,41.2 3 1
github.com/neocortical/log5go/builder.go:45.36,48.2 2 1
github.com/neocortical/log5go/builder.go:52.36,55.2 2 1
github.com/neocortical/log5go/builder.go:60.49,63.2 2 1
github.com/neocortical/log5go/builder.go:65.51,69.2 3 1
github.com/neocortical/log5go/builder.go:71.41,75.2 3 1
github.com/neocortical/log5go/builder.go:77.42,81.2 3 1
github.com/neocortical/log5go/builder.go:85.67,87.16 2 1
github.com/neocortical/log5go/builder.go:92.2,96.21 4 1
github.com/neocortical/log5go/builder.go:113.2,113.24 1 1
github.com/neocortical/log5go/builder.go:117.2,120.10 3 1
github.com/neocortical/log5go/builder.go:87.16,90.3 1 0
github.com/neocortical/log5go/builder.go:96.21,98.17 2 1
github.com/neocortical/log5go/builder.go:102.3,110.43 2 1
github.com/neocortical/log5go/builder.go:98.17,101.4 2 0
github.com/neocortical/log5go/builder.go:113.24,116.3 2 1
github.com/neocortical/log5go/builder.go:125.55,128.2 2 1
github.com/neocortical/log5go/builder.go:133.76,135.56 1 0
github.com/neocortical/log5go/builder.go:142.2,144.40 3 0
github.com/neocortical/log5go/builder.go:157.2,160.10 3 0
github.com/neocortical/log5go/builder.go:135.56,140.3 3 0
github.com/neocortical/log5go/builder.go:144.40,145.42 1 0
github.com/neocortical/log5go/builder.go:145.42,147.18 2 0
github.com/neocortical/log5go/builder.go:147.18,148.13 1 0
github.com/neocortical/log5go/builder.go:149.5,153.5 3 0
github.com/neocortical/log5go/builder.go:166.108,168.56 1 0
github.com/neocortical/log5go/builder.go:175.2,181.16 6 0
github.com/neocortical/log5go/builder.go:187.2,190.10 3 0
github.com/neocortical/log5go/builder.go:168.56,173.3 3 0
github.com/neocortical/log5go/builder.go:181.16,185.3 3 0
github.com/neocortical/log5go/builder.go:195.78,197.21 2 1
github.com/neocortical/log5go/builder.go:201.2,205.10 4 1
github.com/neocortical/log5go/builder.go:197.21,199.3 1 1
github.com/neocortical/log5go/builder.go:210.38,212.23 2 1
github.com/neocortical/log5go/builder.go:216.2,217.10 2 1
github.com/neocortical/log5go/builder.go:212.23,214.3 1 0
github.com/neocortical/log5go/builder.go:220.48,227.2 6 1
github.com/neocortical/log5go/builder.go:231.46,234.2 2 1
github.com/neocortical/log5go/builder.go:239.47,241.43 2 1
github.com/neocortical/log5go/builder.go:246.2,247.36 2 1
github.com/neocortical/log5go/builder.go:241.43,244.3 2 1
github.com/neocortical/log5go/builder.go:250.73,251.22 1 1
github.com/neocortical/log5go/builder.go:251.22,252.12 1 0
github.com/neocortical/log5go/builder.go:252.12,253.20 1 0
github.com/neocortical/log5go/builder.go:253.20,255.5 1 0
github.com/neocortical/log5go/builder.go:255.5,257.5 1 0
github.com/neocortical/log5go/builder.go:258.4,258.26 1 0
github.com/neocortical/log5go/builder.go:258.26,260.4 1 0
github.com/neocortical/log5go/builder.go:260.4,262.4 1 0
github.com/neocortical/log5go/builder.go:263.3,264.12 1 1
github.com/neocortical/log5go/builder.go:264.12,265.20 1 1
github.com/neocortical/log5go/builder.go:265.20,267.5 1 1
github.com/neocortical/log5go/builder.go:267.5,269.5 1 1
github.com/neocortical/log5go/builder.go:270.4,270.26 1 1
github.com/neocortical/log5go/builder.go:270.26,272.4 1 1
github.com/neocortical/log5go/builder.go:272.4,274.4 1 0
github.com/neocortical/log5go/logger.go:34.28,38.2 3 1
github.com/neocortical/log5go/logger.go:43.71,45.2 1 1
github.com/neocortical/log5go/logger.go:47.57,49.2 1 1
github.com/neocortical/log5go/logger.go:51.57,53.2 1 1
github.com/neocortical/log5go/logger.go:55.56,57.2 1 1
github.com/neocortical/log5go/logger.go:59.58,61.2 1 1
github.com/neocortical/log5go/logger.go:63.56,65.2 1 1
github.com/neocortical/log5go/logger.go:67.57,69.2 1 1
github.com/neocortical/log5go/logger.go:71.60,73.2 1 1
github.com/neocortical/log5go/logger.go:75.57,77.2 1 1
github.com/neocortical/log5go/logger.go:79.57,81.2 1 1
github.com/neocortical/log5go/logger.go:83.38,85.2 1 1
github.com/neocortical/log5go/logger.go:87.46,89.2 1 1
github.com/neocortical/log5go/logger.go:91.42,93.2 1 1
github.com/neocortical/log5go/logger.go:95.32,100.2 4 0
github.com/neocortical/log5go/logger.go:105.95,110.21 4 1
github.com/neocortical/log5go/logger.go:114.2,114.29 1 1
github.com/neocortical/log5go/logger.go:135.2,144.46 6 1
github.com/neocortical/log5go/logger.go:110.21,112.3 1 0
github.com/neocortical/log5go/logger.go:114.29,118.10 3 1
github.com/neocortical/log5go/logger.go:123.3,123.31 1 1
github.com/neocortical/log5go/logger.go:118.10,121.4 2 0
github.com/neocortical/log5go/logger.go:123.31,125.39 2 1
github.com/neocortical/log5go/logger.go:131.4,131.16 1 1
github.com/neocortical/log5go/logger.go:125.39,126.23 1 1
github.com/neocortical/log5go/logger.go:126.23,128.11 2 1
github.com/neocortical/log5go/logger.go:148.68,149.31 1 1
github.com/neocortical/log5go/logger.go:160.2,160.13 1 1
github.com/neocortical/log5go/logger.go:149.31,150.19 1 1
github.com/neocortical/log5go/logger.go:153.3,153.39 1 1
github.com/neocortical/log5go/logger.go:150.19,151.12 1 0
github.com/neocortical/log5go/logger.go:154.3,154.237 0 1
github.com/neocortical/log5go/logger.go:156.3,157.21 1 1
github.com/neocortical/log5go/stringformatter.go:30.63,36.2 3 1
github.com/neocortical/log5go/stringformatter.go:38.54,41.23 3 1
github.com/neocortical/log5go/stringformatter.go:71.2,71.18 1 1
github.com/neocortical/log5go/stringformatter.go:75.2,75.15 1 1
github.com/neocortical/log5go/stringformatter.go:41.23,44.34 3 1
github.com/neocortical/log5go/stringformatter.go:49.3,49.23 1 1
github.com/neocortical/log5go/stringformatter.go:44.34,45.12 1 0
github.com/neocortical/log5go/stringformatter.go:49.23,53.16 2 1
github.com/neocortical/log5go/stringformatter.go:54.4,57.21 1 1
github.com/neocortical/log5go/stringformatter.go:62.5,63.30 2 1
github.com/neocortical/log5go/stringformatter.go:57.21,60.6 2 1
github.com/neocortical/log5go/stringformatter.go:65.4,68.4 2 1
github.com/neocortical/log5go/stringformatter.go:71.18,73.3 1 1
github.com/neocortical/log5go/stringformatter.go:78.138,79.31 1 1
github.com/neocortical/log5go/stringformatter.go:79.31,80.15 1 1
github.com/neocortical/log5go/stringformatter.go:81.3,83.38 2 1
github.com/neocortical/log5go/stringformatter.go:84.3,86.39 2 1
github.com/neocortical/log5go/stringformatter.go:87.3,88.34 1 1
github.com/neocortical/log5go/stringformatter.go:89.3,90.34 1 1
github.com/neocortical/log5go/stringformatter.go:91.3,92.64 1 1
github.com/neocortical/log5go/stringformatter.go:93.3,94.19 1 1
github.com/neocortical/log5go/stringformatter.go:97.4,97.31 1 1
github.com/neocortical/log5go/stringformatter.go:98.3,99.28 1 1
github.com/neocortical/log5go/stringformatter.go:100.3,101.32 1 1
github.com/neocortical/log5go/stringformatter.go:94.19,96.5 1 1
github.com/neocortical/log5go/stringformatter.go:106.60,108.2 1 1
github.com/neocortical/log5go/stringformatter.go:110.48,112.2 0 1
github.com/neocortical/log5go/stringformatter.go:114.47,117.31 3 1
github.com/neocortical/log5go/stringformatter.go:131.2,131.21 1 1
github.com/neocortical/log5go/stringformatter.go:117.31,122.15 5 1
github.com/neocortical/log5go/stringformatter.go:122.15,126.4 3 1
github.com/neocortical/log5go/stringformatter.go:126.4,129.4 1 1
github.com/neocortical/log5go/syslog.go:66.86,73.19 4 0
github.com/neocortical/log5go/syslog.go:77.2,81.12 4 0
github.com/neocortical/log5go/syslog.go:73.19,75.3 1 0
github.com/neocortical/log5go/syslog.go:84.53,85.22 1 0
github.com/neocortical/log5go/syslog.go:90.2,91.16 2 0
github.com/neocortical/log5go/syslog.go:94.2,94.32 1 0
github.com/neocortical/log5go/syslog.go:105.2,106.16 2 0
github.com/neocortical/log5go/syslog.go:112.2,113.19 2 0
github.com/neocortical/log5go/syslog.go:85.22,87.3 1 0
github.com/neocortical/log5go/syslog.go:91.16,93.3 0 0
github.com/neocortical/log5go/syslog.go:94.32,96.70 1 0
github.com/neocortical/log5go/syslog.go:96.70,97.29 1 0
github.com/neocortical/log5go/syslog.go:97.29,100.5 2 0
github.com/neocortical/log5go/syslog.go:106.16,109.3 2 0
github.com/neocortical/log5go/syslog.go:120.47,122.11 2 0
github.com/neocortical/log5go/syslog.go:128.2,128.43 1 0
github.com/neocortical/log5go/syslog.go:122.11,124.3 1 0
github.com/neocortical/log5go/syslog.go:124.3,126.3 1 0
github.com/neocortical/log5go/syslog.go:131.138,133.2 1 0
github.com/neocortical/log5go/syslog.go:135.60,137.2 0 0
github.com/neocortical/log5go/syslog.go:139.48,141.2 1 0
github.com/neocortical/log5go/syslog.go:143.80,144.9 1 0
github.com/neocortical/log5go/syslog.go:145.2,146.32 1 0
github.com/neocortical/log5go/syslog.go:147.2,148.31 1 0
github.com/neocortical/log5go/syslog.go:149.2,150.33 1 0
github.com/neocortical/log5go/syslog.go:151.2,152.34 1 0
github.com/neocortical/log5go/syslog.go:153.2,154.32 1 0
github.com/neocortical/log5go/syslog.go:155.2,156.35 1 0
github.com/neocortical/log5go/syslog.go:157.2,158.32 1 0
github.com/neocortical/log5go/syslog.go:159.2,160.36 1 0
github.com/neocortical/log5go/boundlogger.go:28.47,29.28 1 1
github.com/neocortical/log5go/boundlogger.go:32.2,32.10 1 1
github.com/neocortical/log5go/boundlogger.go:29.28,31.3 1 1
github.com/neocortical/log5go/boundlogger.go:37.76,39.2 1 1
github.com/neocortical/log5go/boundlogger.go:41.62,43.2 1 1
github.com/neocortical/log5go/boundlogger.go:45.62,47.2 1 1
github.com/neocortical/log5go/boundlogger.go:49.61,51.2 1 1
github.com/neocortical/log5go/boundlogger.go:53.63,55.2 1 1
github.com/neocortical/log5go/boundlogger.go:57.61,59.2 1 1
github.com/neocortical/log5go/boundlogger.go:61.62,63.2 1 1
github.com/neocortical/log5go/boundlogger.go:65.65,67.2 1 1
github.com/neocortical/log5go/boundlogger.go:69.62,71.2 1 1
github.com/neocortical/log5go/boundlogger.go:73.62,75.2 1 1
github.com/neocortical/log5go/boundlogger.go:77.43,79.2 1 0
github.com/neocortical/log5go/boundlogger.go:81.51,83.2 0 1
github.com/neocortical/log5go/boundlogger.go:87.38,90.2 1 1
github.com/neocortical/log5go/boundlogger.go:92.57,95.2 1 1
github.com/neocortical/log5go/boundlogger.go:97.41,100.2 1 1
github.com/neocortical/log5go/boundlogger.go:102.41,105.2 1 1
github.com/neocortical/log5go/boundlogger.go:107.54,110.2 1 1
github.com/neocortical/log5go/boundlogger.go:112.56,115.2 1 1
github.com/neocortical/log5go/boundlogger.go:117.46,120.2 1 1
github.com/neocortical/log5go/boundlogger.go:122.47,125.2 1 1
github.com/neocortical/log5go/boundlogger.go:127.72,130.2 1 1
github.com/neocortical/log5go/boundlogger.go:132.60,135.2 1 1
github.com/neocortical/log5go/boundlogger.go:137.83,140.2 1 1
github.com/neocortical/log5go/boundlogger.go:142.43,145.2 1 1
github.com/neocortical/log5go/boundlogger.go:147.53,150.2 1 1
github.com/neocortical/log5go/boundlogger.go:152.37,155.2 1 1
github.com/neocortical/log5go/boundlogger.go:157.51,160.2 1 0
github.com/neocortical/log5go/boundlogger.go:162.81,165.2 1 1
github.com/neocortical/log5go/boundlogger.go:167.113,170.2 1 1
